sub=3f695f89-fbc0-44c3-846c-55c939f57dc6
resource filter=image
Subscription: 3f695f89-fbc0-44c3-846c-55c939f57dc6
320
azurerm_log_analytics_workspace

azurerm_managed_disk

azurerm_network_watcher

azurerm_managed_disk

azurerm_managed_disk

azurerm_managed_disk

azurerm_managed_disk

azurerm_managed_disk

azurerm_managed_disk

azurerm_storage_account

azurerm_storage_container

azurerm_storage_share

azurerm_log_analytics_solution

azurerm_managed_disk

azurerm_network_interface

azurerm_network_security_group

azurerm_storage_account

azurerm_storage_container

azurerm_storage_share

azurerm_subnet

azurerm_virtual_machine

azurerm_virtual_network

azurerm_virtual_network_peering

azurerm_storage_account

azurerm_storage_container

azurerm_storage_share

azurerm_image

azurerm_snapshot

azurerm_image

azurerm_snapshot

azurerm_image

azurerm_snapshot

azurerm_image

azurerm_managed_disk

azurerm_network_interface

azurerm_network_security_group

azurerm_subnet

azurerm_virtual_machine

azurerm_virtual_network

azurerm_virtual_network_peering

azurerm_managed_disk

azurerm_network_interface

azurerm_network_security_group

azurerm_public_ip

azurerm_subnet

azurerm_virtual_machine

azurerm_virtual_network

azurerm_virtual_network_peering

azurerm_network_interface

azurerm_network_security_group

azurerm_virtual_machine

azurerm_key_vault

azurerm_key_vault_secret

azurerm_network_security_group

azurerm_route_table

azurerm_storage_account

azurerm_storage_container

azurerm_storage_share

azurerm_subnet

azurerm_virtual_network

azurerm_virtual_network_peering

azurerm_automation_account

azurerm_log_analytics_solution

azurerm_log_analytics_workspace

azurerm_recovery_services_vault

azurerm_storage_account

azurerm_storage_container

azurerm_storage_share

azurerm_storage_account

azurerm_storage_container

azurerm_storage_share

azurerm_storage_account

azurerm_storage_container

azurerm_storage_share

azurerm_image

azurerm_image

azurerm_snapshot

azurerm_network_interface

azurerm_network_security_group

azurerm_subnet

azurerm_virtual_machine

azurerm_virtual_network

azurerm_virtual_network_peering

azurerm_network_interface

azurerm_public_ip

azurerm_subnet

azurerm_virtual_machine

azurerm_virtual_network

azurerm_virtual_network_peering

azurerm_network_interface

azurerm_network_security_group

azurerm_public_ip

azurerm_subnet

azurerm_virtual_machine

azurerm_virtual_network

azurerm_virtual_network_peering

22
2
